2017-11-03 18:10:30 [-][-][-][error][yii\db\IntegrityException] exception 'PDOException' with message 'SQLSTATE[23000]: Integrity constraint violation: 1062 Duplicate entry 'dfsdf@sdfs.dssd' for key 'email'' in /var/www/darok/data/www/aparkrent.ru/vendor/yiisoft/yii2/db/Command.php:842
Stack trace:
#0 /var/www/darok/data/www/aparkrent.ru/vendor/yiisoft/yii2/db/Command.php(842): PDOStatement->execute()
#1 /var/www/darok/data/www/aparkrent.ru/console/migrations/m171103_102230_add_email_column_to_user_table.php(19): yii\db\Command->execute()
#2 /var/www/darok/data/www/aparkrent.ru/vendor/yiisoft/yii2/console/controllers/BaseMigrateController.php(671): m171103_102230_add_email_column_to_user_table->up()
#3 /var/www/darok/data/www/aparkrent.ru/vendor/yiisoft/yii2/console/controllers/BaseMigrateController.php(183): yii\console\controllers\BaseMigrateController->migrateUp('m171103_102230_...')
#4 [internal function]: yii\console\controllers\BaseMigrateController->actionUp(0)
#5 /var/www/darok/data/www/aparkrent.ru/vendor/yiisoft/yii2/base/InlineAction.php(57): call_user_func_array(Array, Array)
#6 /var/www/darok/data/www/aparkrent.ru/vendor/yiisoft/yii2/base/Controller.php(156): yii\base\InlineAction->runWithParams(Array)
#7 /var/www/darok/data/www/aparkrent.ru/vendor/yiisoft/yii2/console/Controller.php(128): yii\base\Controller->runAction('up', Array)
#8 /var/www/darok/data/www/aparkrent.ru/vendor/yiisoft/yii2/base/Module.php(523): yii\console\Controller->runAction('up', Array)
#9 /var/www/darok/data/www/aparkrent.ru/vendor/yiisoft/yii2/console/Application.php(180): yii\base\Module->runAction('migrate/up', Array)
#10 /var/www/darok/data/www/aparkrent.ru/vendor/yiisoft/yii2/console/Application.php(147): yii\console\Application->runAction('migrate/up', Array)
#11 /var/www/darok/data/www/aparkrent.ru/vendor/yiisoft/yii2/base/Application.php(380): yii\console\Application->handleRequest(Object(yii\console\Request))
#12 /var/www/darok/data/www/aparkrent.ru/yii(27): yii\base\Application->run()
#13 {main}

Next exception 'yii\db\IntegrityException' with message 'SQLSTATE[23000]: Integrity constraint violation: 1062 Duplicate entry 'dfsdf@sdfs.dssd' for key 'email'
The SQL being executed was: UPDATE `user` SET `email`='dfsdf@sdfs.dssd' WHERE `phone`='+79125122739'' in /var/www/darok/data/www/aparkrent.ru/vendor/yiisoft/yii2/db/Schema.php:636
Stack trace:
#0 /var/www/darok/data/www/aparkrent.ru/vendor/yiisoft/yii2/db/Command.php(852): yii\db\Schema->convertException(Object(PDOException), 'UPDATE `user` S...')
#1 /var/www/darok/data/www/aparkrent.ru/console/migrations/m171103_102230_add_email_column_to_user_table.php(19): yii\db\Command->execute()
#2 /var/www/darok/data/www/aparkrent.ru/vendor/yiisoft/yii2/console/controllers/BaseMigrateController.php(671): m171103_102230_add_email_column_to_user_table->up()
#3 /var/www/darok/data/www/aparkrent.ru/vendor/yiisoft/yii2/console/controllers/BaseMigrateController.php(183): yii\console\controllers\BaseMigrateController->migrateUp('m171103_102230_...')
#4 [internal function]: yii\console\controllers\BaseMigrateController->actionUp(0)
#5 /var/www/darok/data/www/aparkrent.ru/vendor/yiisoft/yii2/base/InlineAction.php(57): call_user_func_array(Array, Array)
#6 /var/www/darok/data/www/aparkrent.ru/vendor/yiisoft/yii2/base/Controller.php(156): yii\base\InlineAction->runWithParams(Array)
#7 /var/www/darok/data/www/aparkrent.ru/vendor/yiisoft/yii2/console/Controller.php(128): yii\base\Controller->runAction('up', Array)
#8 /var/www/darok/data/www/aparkrent.ru/vendor/yiisoft/yii2/base/Module.php(523): yii\console\Controller->runAction('up', Array)
#9 /var/www/darok/data/www/aparkrent.ru/vendor/yiisoft/yii2/console/Application.php(180): yii\base\Module->runAction('migrate/up', Array)
#10 /var/www/darok/data/www/aparkrent.ru/vendor/yiisoft/yii2/console/Application.php(147): yii\console\Application->runAction('migrate/up', Array)
#11 /var/www/darok/data/www/aparkrent.ru/vendor/yiisoft/yii2/base/Application.php(380): yii\console\Application->handleRequest(Object(yii\console\Request))
#12 /var/www/darok/data/www/aparkrent.ru/yii(27): yii\base\Application->run()
#13 {main}
Additional Information:
Array
(
    [0] => 23000
    [1] => 1062
    [2] => Duplicate entry 'dfsdf@sdfs.dssd' for key 'email'
)

2017-11-03 18:10:29 [-][-][-][info][application] $_SERVER = [
    'CI_PROJECT_NAME' => 'aparkrent'
    'HOSTNAME' => 'goldcarrot.ru'
    'CI_BUILD_TOKEN' => 'cafojP83AtE28sSodD3D'
    'CI_PROJECT_URL' => 'http://git.goldcarrot.ru/goldcarrot/aparkrent'
    'SHELL' => '/bin/bash'
    'TERM' => 'xterm'
    'HISTSIZE' => '1000'
    'CI_REGISTRY_USER' => 'gitlab-ci-token'
    'CI_BUILD_BEFORE_SHA' => '83c3cc211d74267c88a72df7c476706ad74821f5'
    'PROJECT_FOLDER' => 'aparkrent.ru'
    'CI_SERVER_VERSION' => '9.0.6'
    'CI_BUILD_ID' => '9101'
    'GITLAB_USER_EMAIL' => 'ac@goldcarrot.ru'
    'CONFIG_FILE' => '/etc/gitlab-runner/config.toml'
    'CI_COMMIT_REF_NAME' => 'master'
    'USER' => 'darok'
    'CI_JOB_TOKEN' => 'cafojP83AtE28sSodD3D'
    'CI_PROJECT_ID' => '188'
    'CI_RUNNER_ID' => '4'
    'CI_BUILD_REF' => '83c3cc211d74267c88a72df7c476706ad74821f5'
    'CI_BUILD_REF_NAME' => 'master'
    'CI_PIPELINE_ID' => '9201'
    'CI_COMMIT_REF_SLUG' => 'master'
    'PATH' => '/sbin:/usr/sbin:/bin:/usr/bin:/usr/local/sbin'
    'MAIL' => '/var/spool/mail/darok'
    'CI_REPOSITORY_URL' => 'http://gitlab-ci-token:cafojP83AtE28sSodD3D@git.goldcarrot.ru/goldcarrot/aparkrent.git'
    'CI_PROJECT_DIR' => '/home/darok_builds/9e1c086c/0/goldcarrot/aparkrent'
    'CI_REGISTRY_PASSWORD' => 'cafojP83AtE28sSodD3D'
    'CI_BUILD_STAGE' => 'deploy'
    'CI_RUNNER_TAGS' => ''
    'PWD' => '/var/www/darok/data/www/aparkrent.ru'
    'CI_JOB_STAGE' => 'deploy'
    'LANG' => 'ru_RU.UTF-8'
    'CI_SERVER_NAME' => 'GitLab'
    'CI_PROJECT_PATH' => 'goldcarrot/aparkrent'
    'MODULEPATH' => '/usr/share/Modules/modulefiles:/etc/modulefiles'
    'LOADEDMODULES' => ''
    'GITLAB_CI' => 'true'
    'CI_SERVER_REVISION' => '2177cc5'
    'HISTCONTROL' => 'ignoredups'
    'CI_COMMIT_SHA' => '83c3cc211d74267c88a72df7c476706ad74821f5'
    'HOME' => '/var/www/darok/data'
    'SHLVL' => '5'
    'CI_BUILD_NAME' => 'job1'
    'CI_SERVER' => 'yes'
    'CI' => 'true'
    'CI_PROJECT_NAMESPACE' => 'goldcarrot'
    'LOGNAME' => 'darok'
    'MODULESHOME' => '/usr/share/Modules'
    'LESSOPEN' => '||/usr/bin/lesspipe.sh %s'
    'CI_BUILD_REF_SLUG' => 'master'
    'CI_RUNNER_DESCRIPTION' => 'Shar'
    'GITLAB_USER_ID' => '32'
    'CI_JOB_ID' => '9101'
    'G_BROKEN_FILENAMES' => '1'
    'CI_JOB_NAME' => 'job1'
    'BASH_FUNC_module()' => '() {  eval `/usr/bin/modulecmd bash $*`
}'
    '_' => '/usr/bin/php'
    'OLDPWD' => '/home/darok_builds/9e1c086c/0/goldcarrot/aparkrent'
    'PHP_SELF' => '/var/www/darok/data/www/aparkrent.ru/yii'
    'SCRIPT_NAME' => '/var/www/darok/data/www/aparkrent.ru/yii'
    'SCRIPT_FILENAME' => '/var/www/darok/data/www/aparkrent.ru/yii'
    'PATH_TRANSLATED' => '/var/www/darok/data/www/aparkrent.ru/yii'
    'DOCUMENT_ROOT' => ''
    'REQUEST_TIME_FLOAT' => 1509714629.4063
    'REQUEST_TIME' => 1509714629
    'argv' => [
        0 => '/var/www/darok/data/www/aparkrent.ru/yii'
        1 => 'migrate/up'
        2 => '--interactive=0'
    ]
    'argc' => 3
]
2017-11-03 18:19:27 [-][-][-][error][yii\db\Exception] exception 'PDOException' with message 'SQLSTATE[42S21]: Column already exists: 1060 Duplicate column name 'email'' in /var/www/darok/data/www/aparkrent.ru/vendor/yiisoft/yii2/db/Command.php:842
Stack trace:
#0 /var/www/darok/data/www/aparkrent.ru/vendor/yiisoft/yii2/db/Command.php(842): PDOStatement->execute()
#1 /var/www/darok/data/www/aparkrent.ru/vendor/yiisoft/yii2/db/Migration.php(346): yii\db\Command->execute()
#2 /var/www/darok/data/www/aparkrent.ru/console/migrations/m171103_102230_add_email_column_to_user_table.php(15): yii\db\Migration->addColumn('user', 'email', Object(yii\db\mysql\ColumnSchemaBuilder))
#3 /var/www/darok/data/www/aparkrent.ru/vendor/yiisoft/yii2/console/controllers/BaseMigrateController.php(671): m171103_102230_add_email_column_to_user_table->up()
#4 /var/www/darok/data/www/aparkrent.ru/vendor/yiisoft/yii2/console/controllers/BaseMigrateController.php(183): yii\console\controllers\BaseMigrateController->migrateUp('m171103_102230_...')
#5 [internal function]: yii\console\controllers\BaseMigrateController->actionUp(0)
#6 /var/www/darok/data/www/aparkrent.ru/vendor/yiisoft/yii2/base/InlineAction.php(57): call_user_func_array(Array, Array)
#7 /var/www/darok/data/www/aparkrent.ru/vendor/yiisoft/yii2/base/Controller.php(156): yii\base\InlineAction->runWithParams(Array)
#8 /var/www/darok/data/www/aparkrent.ru/vendor/yiisoft/yii2/console/Controller.php(128): yii\base\Controller->runAction('up', Array)
#9 /var/www/darok/data/www/aparkrent.ru/vendor/yiisoft/yii2/base/Module.php(523): yii\console\Controller->runAction('up', Array)
#10 /var/www/darok/data/www/aparkrent.ru/vendor/yiisoft/yii2/console/Application.php(180): yii\base\Module->runAction('migrate/up', Array)
#11 /var/www/darok/data/www/aparkrent.ru/vendor/yiisoft/yii2/console/Application.php(147): yii\console\Application->runAction('migrate/up', Array)
#12 /var/www/darok/data/www/aparkrent.ru/vendor/yiisoft/yii2/base/Application.php(380): yii\console\Application->handleRequest(Object(yii\console\Request))
#13 /var/www/darok/data/www/aparkrent.ru/yii(27): yii\base\Application->run()
#14 {main}

Next exception 'yii\db\Exception' with message 'SQLSTATE[42S21]: Column already exists: 1060 Duplicate column name 'email'
The SQL being executed was: ALTER TABLE `user` ADD `email` varchar(255) UNIQUE' in /var/www/darok/data/www/aparkrent.ru/vendor/yiisoft/yii2/db/Schema.php:636
Stack trace:
#0 /var/www/darok/data/www/aparkrent.ru/vendor/yiisoft/yii2/db/Command.php(852): yii\db\Schema->convertException(Object(PDOException), 'ALTER TABLE `us...')
#1 /var/www/darok/data/www/aparkrent.ru/vendor/yiisoft/yii2/db/Migration.php(346): yii\db\Command->execute()
#2 /var/www/darok/data/www/aparkrent.ru/console/migrations/m171103_102230_add_email_column_to_user_table.php(15): yii\db\Migration->addColumn('user', 'email', Object(yii\db\mysql\ColumnSchemaBuilder))
#3 /var/www/darok/data/www/aparkrent.ru/vendor/yiisoft/yii2/console/controllers/BaseMigrateController.php(671): m171103_102230_add_email_column_to_user_table->up()
#4 /var/www/darok/data/www/aparkrent.ru/vendor/yiisoft/yii2/console/controllers/BaseMigrateController.php(183): yii\console\controllers\BaseMigrateController->migrateUp('m171103_102230_...')
#5 [internal function]: yii\console\controllers\BaseMigrateController->actionUp(0)
#6 /var/www/darok/data/www/aparkrent.ru/vendor/yiisoft/yii2/base/InlineAction.php(57): call_user_func_array(Array, Array)
#7 /var/www/darok/data/www/aparkrent.ru/vendor/yiisoft/yii2/base/Controller.php(156): yii\base\InlineAction->runWithParams(Array)
#8 /var/www/darok/data/www/aparkrent.ru/vendor/yiisoft/yii2/console/Controller.php(128): yii\base\Controller->runAction('up', Array)
#9 /var/www/darok/data/www/aparkrent.ru/vendor/yiisoft/yii2/base/Module.php(523): yii\console\Controller->runAction('up', Array)
#10 /var/www/darok/data/www/aparkrent.ru/vendor/yiisoft/yii2/console/Application.php(180): yii\base\Module->runAction('migrate/up', Array)
#11 /var/www/darok/data/www/aparkrent.ru/vendor/yiisoft/yii2/console/Application.php(147): yii\console\Application->runAction('migrate/up', Array)
#12 /var/www/darok/data/www/aparkrent.ru/vendor/yiisoft/yii2/base/Application.php(380): yii\console\Application->handleRequest(Object(yii\console\Request))
#13 /var/www/darok/data/www/aparkrent.ru/yii(27): yii\base\Application->run()
#14 {main}
Additional Information:
Array
(
    [0] => 42S21
    [1] => 1060
    [2] => Duplicate column name 'email'
)

2017-11-03 18:19:27 [-][-][-][info][application] $_SERVER = [
    'CI_PROJECT_NAME' => 'aparkrent'
    'HOSTNAME' => 'goldcarrot.ru'
    'CI_BUILD_TOKEN' => 'zUBsEzaus1zK_NBWARPr'
    'CI_PROJECT_URL' => 'http://git.goldcarrot.ru/goldcarrot/aparkrent'
    'SHELL' => '/bin/bash'
    'TERM' => 'xterm'
    'HISTSIZE' => '1000'
    'CI_REGISTRY_USER' => 'gitlab-ci-token'
    'CI_BUILD_BEFORE_SHA' => '0dca59ea55012003afa8f2f326bb3cac6a08960e'
    'PROJECT_FOLDER' => 'aparkrent.ru'
    'CI_SERVER_VERSION' => '9.0.6'
    'CI_BUILD_ID' => '9102'
    'GITLAB_USER_EMAIL' => 'ac@goldcarrot.ru'
    'CONFIG_FILE' => '/etc/gitlab-runner/config.toml'
    'CI_COMMIT_REF_NAME' => 'master'
    'USER' => 'darok'
    'CI_JOB_TOKEN' => 'zUBsEzaus1zK_NBWARPr'
    'CI_PROJECT_ID' => '188'
    'CI_RUNNER_ID' => '4'
    'CI_BUILD_REF' => '0dca59ea55012003afa8f2f326bb3cac6a08960e'
    'CI_BUILD_REF_NAME' => 'master'
    'CI_PIPELINE_ID' => '9202'
    'CI_COMMIT_REF_SLUG' => 'master'
    'PATH' => '/sbin:/usr/sbin:/bin:/usr/bin:/usr/local/sbin'
    'MAIL' => '/var/spool/mail/darok'
    'CI_REPOSITORY_URL' => 'http://gitlab-ci-token:zUBsEzaus1zK_NBWARPr@git.goldcarrot.ru/goldcarrot/aparkrent.git'
    'CI_PROJECT_DIR' => '/home/darok_builds/9e1c086c/0/goldcarrot/aparkrent'
    'CI_REGISTRY_PASSWORD' => 'zUBsEzaus1zK_NBWARPr'
    'CI_BUILD_STAGE' => 'deploy'
    'CI_RUNNER_TAGS' => ''
    'PWD' => '/var/www/darok/data/www/aparkrent.ru'
    'CI_JOB_STAGE' => 'deploy'
    'LANG' => 'ru_RU.UTF-8'
    'CI_SERVER_NAME' => 'GitLab'
    'CI_PROJECT_PATH' => 'goldcarrot/aparkrent'
    'MODULEPATH' => '/usr/share/Modules/modulefiles:/etc/modulefiles'
    'LOADEDMODULES' => ''
    'GITLAB_CI' => 'true'
    'CI_SERVER_REVISION' => '2177cc5'
    'HISTCONTROL' => 'ignoredups'
    'CI_COMMIT_SHA' => '0dca59ea55012003afa8f2f326bb3cac6a08960e'
    'HOME' => '/var/www/darok/data'
    'SHLVL' => '5'
    'CI_BUILD_NAME' => 'job1'
    'CI_SERVER' => 'yes'
    'CI' => 'true'
    'CI_PROJECT_NAMESPACE' => 'goldcarrot'
    'LOGNAME' => 'darok'
    'MODULESHOME' => '/usr/share/Modules'
    'LESSOPEN' => '||/usr/bin/lesspipe.sh %s'
    'CI_BUILD_REF_SLUG' => 'master'
    'CI_RUNNER_DESCRIPTION' => 'Shar'
    'GITLAB_USER_ID' => '32'
    'CI_JOB_ID' => '9102'
    'G_BROKEN_FILENAMES' => '1'
    'CI_JOB_NAME' => 'job1'
    'BASH_FUNC_module()' => '() {  eval `/usr/bin/modulecmd bash $*`
}'
    '_' => '/usr/bin/php'
    'OLDPWD' => '/home/darok_builds/9e1c086c/0/goldcarrot/aparkrent'
    'PHP_SELF' => '/var/www/darok/data/www/aparkrent.ru/yii'
    'SCRIPT_NAME' => '/var/www/darok/data/www/aparkrent.ru/yii'
    'SCRIPT_FILENAME' => '/var/www/darok/data/www/aparkrent.ru/yii'
    'PATH_TRANSLATED' => '/var/www/darok/data/www/aparkrent.ru/yii'
    'DOCUMENT_ROOT' => ''
    'REQUEST_TIME_FLOAT' => 1509715167.0738
    'REQUEST_TIME' => 1509715167
    'argv' => [
        0 => '/var/www/darok/data/www/aparkrent.ru/yii'
        1 => 'migrate/up'
        2 => '--interactive=0'
    ]
    'argc' => 3
]
2017-11-03 18:27:28 [-][-][-][error][yii\db\Exception] exception 'PDOException' with message 'SQLSTATE[42S21]: Column already exists: 1060 Duplicate column name 'email'' in /var/www/darok/data/www/aparkrent.ru/vendor/yiisoft/yii2/db/Command.php:842
Stack trace:
#0 /var/www/darok/data/www/aparkrent.ru/vendor/yiisoft/yii2/db/Command.php(842): PDOStatement->execute()
#1 /var/www/darok/data/www/aparkrent.ru/vendor/yiisoft/yii2/db/Migration.php(346): yii\db\Command->execute()
#2 /var/www/darok/data/www/aparkrent.ru/console/migrations/m171103_102230_add_email_column_to_user_table.php(15): yii\db\Migration->addColumn('user', 'email', Object(yii\db\mysql\ColumnSchemaBuilder))
#3 /var/www/darok/data/www/aparkrent.ru/vendor/yiisoft/yii2/console/controllers/BaseMigrateController.php(671): m171103_102230_add_email_column_to_user_table->up()
#4 /var/www/darok/data/www/aparkrent.ru/vendor/yiisoft/yii2/console/controllers/BaseMigrateController.php(183): yii\console\controllers\BaseMigrateController->migrateUp('m171103_102230_...')
#5 [internal function]: yii\console\controllers\BaseMigrateController->actionUp(0)
#6 /var/www/darok/data/www/aparkrent.ru/vendor/yiisoft/yii2/base/InlineAction.php(57): call_user_func_array(Array, Array)
#7 /var/www/darok/data/www/aparkrent.ru/vendor/yiisoft/yii2/base/Controller.php(156): yii\base\InlineAction->runWithParams(Array)
#8 /var/www/darok/data/www/aparkrent.ru/vendor/yiisoft/yii2/console/Controller.php(128): yii\base\Controller->runAction('up', Array)
#9 /var/www/darok/data/www/aparkrent.ru/vendor/yiisoft/yii2/base/Module.php(523): yii\console\Controller->runAction('up', Array)
#10 /var/www/darok/data/www/aparkrent.ru/vendor/yiisoft/yii2/console/Application.php(180): yii\base\Module->runAction('migrate/up', Array)
#11 /var/www/darok/data/www/aparkrent.ru/vendor/yiisoft/yii2/console/Application.php(147): yii\console\Application->runAction('migrate/up', Array)
#12 /var/www/darok/data/www/aparkrent.ru/vendor/yiisoft/yii2/base/Application.php(380): yii\console\Application->handleRequest(Object(yii\console\Request))
#13 /var/www/darok/data/www/aparkrent.ru/yii(27): yii\base\Application->run()
#14 {main}

Next exception 'yii\db\Exception' with message 'SQLSTATE[42S21]: Column already exists: 1060 Duplicate column name 'email'
The SQL being executed was: ALTER TABLE `user` ADD `email` varchar(255) UNIQUE' in /var/www/darok/data/www/aparkrent.ru/vendor/yiisoft/yii2/db/Schema.php:636
Stack trace:
#0 /var/www/darok/data/www/aparkrent.ru/vendor/yiisoft/yii2/db/Command.php(852): yii\db\Schema->convertException(Object(PDOException), 'ALTER TABLE `us...')
#1 /var/www/darok/data/www/aparkrent.ru/vendor/yiisoft/yii2/db/Migration.php(346): yii\db\Command->execute()
#2 /var/www/darok/data/www/aparkrent.ru/console/migrations/m171103_102230_add_email_column_to_user_table.php(15): yii\db\Migration->addColumn('user', 'email', Object(yii\db\mysql\ColumnSchemaBuilder))
#3 /var/www/darok/data/www/aparkrent.ru/vendor/yiisoft/yii2/console/controllers/BaseMigrateController.php(671): m171103_102230_add_email_column_to_user_table->up()
#4 /var/www/darok/data/www/aparkrent.ru/vendor/yiisoft/yii2/console/controllers/BaseMigrateController.php(183): yii\console\controllers\BaseMigrateController->migrateUp('m171103_102230_...')
#5 [internal function]: yii\console\controllers\BaseMigrateController->actionUp(0)
#6 /var/www/darok/data/www/aparkrent.ru/vendor/yiisoft/yii2/base/InlineAction.php(57): call_user_func_array(Array, Array)
#7 /var/www/darok/data/www/aparkrent.ru/vendor/yiisoft/yii2/base/Controller.php(156): yii\base\InlineAction->runWithParams(Array)
#8 /var/www/darok/data/www/aparkrent.ru/vendor/yiisoft/yii2/console/Controller.php(128): yii\base\Controller->runAction('up', Array)
#9 /var/www/darok/data/www/aparkrent.ru/vendor/yiisoft/yii2/base/Module.php(523): yii\console\Controller->runAction('up', Array)
#10 /var/www/darok/data/www/aparkrent.ru/vendor/yiisoft/yii2/console/Application.php(180): yii\base\Module->runAction('migrate/up', Array)
#11 /var/www/darok/data/www/aparkrent.ru/vendor/yiisoft/yii2/console/Application.php(147): yii\console\Application->runAction('migrate/up', Array)
#12 /var/www/darok/data/www/aparkrent.ru/vendor/yiisoft/yii2/base/Application.php(380): yii\console\Application->handleRequest(Object(yii\console\Request))
#13 /var/www/darok/data/www/aparkrent.ru/yii(27): yii\base\Application->run()
#14 {main}
Additional Information:
Array
(
    [0] => 42S21
    [1] => 1060
    [2] => Duplicate column name 'email'
)

2017-11-03 18:27:28 [-][-][-][info][application] $_SERVER = [
    'CI_PROJECT_NAME' => 'aparkrent'
    'HOSTNAME' => 'goldcarrot.ru'
    'CI_BUILD_TOKEN' => 'Y6zwPgU8hipRW5z-wcsN'
    'CI_PROJECT_URL' => 'http://git.goldcarrot.ru/goldcarrot/aparkrent'
    'SHELL' => '/bin/bash'
    'TERM' => 'xterm'
    'HISTSIZE' => '1000'
    'CI_REGISTRY_USER' => 'gitlab-ci-token'
    'CI_BUILD_BEFORE_SHA' => '175f4779ce06406996482e18b80b3cdac98da89c'
    'PROJECT_FOLDER' => 'aparkrent.ru'
    'CI_SERVER_VERSION' => '9.0.6'
    'CI_BUILD_ID' => '9105'
    'GITLAB_USER_EMAIL' => 'ac@goldcarrot.ru'
    'CONFIG_FILE' => '/etc/gitlab-runner/config.toml'
    'CI_COMMIT_REF_NAME' => 'master'
    'USER' => 'darok'
    'CI_JOB_TOKEN' => 'Y6zwPgU8hipRW5z-wcsN'
    'CI_PROJECT_ID' => '188'
    'CI_RUNNER_ID' => '4'
    'CI_BUILD_REF' => '175f4779ce06406996482e18b80b3cdac98da89c'
    'CI_BUILD_REF_NAME' => 'master'
    'CI_PIPELINE_ID' => '9205'
    'CI_COMMIT_REF_SLUG' => 'master'
    'PATH' => '/sbin:/usr/sbin:/bin:/usr/bin:/usr/local/sbin'
    'MAIL' => '/var/spool/mail/darok'
    'CI_REPOSITORY_URL' => 'http://gitlab-ci-token:Y6zwPgU8hipRW5z-wcsN@git.goldcarrot.ru/goldcarrot/aparkrent.git'
    'CI_PROJECT_DIR' => '/home/darok_builds/9e1c086c/0/goldcarrot/aparkrent'
    'CI_REGISTRY_PASSWORD' => 'Y6zwPgU8hipRW5z-wcsN'
    'CI_BUILD_STAGE' => 'deploy'
    'CI_RUNNER_TAGS' => ''
    'PWD' => '/var/www/darok/data/www/aparkrent.ru'
    'CI_JOB_STAGE' => 'deploy'
    'LANG' => 'ru_RU.UTF-8'
    'CI_SERVER_NAME' => 'GitLab'
    'CI_PROJECT_PATH' => 'goldcarrot/aparkrent'
    'MODULEPATH' => '/usr/share/Modules/modulefiles:/etc/modulefiles'
    'LOADEDMODULES' => ''
    'GITLAB_CI' => 'true'
    'CI_SERVER_REVISION' => '2177cc5'
    'HISTCONTROL' => 'ignoredups'
    'CI_COMMIT_SHA' => '175f4779ce06406996482e18b80b3cdac98da89c'
    'HOME' => '/var/www/darok/data'
    'SHLVL' => '5'
    'CI_BUILD_NAME' => 'job1'
    'CI_SERVER' => 'yes'
    'CI' => 'true'
    'CI_PROJECT_NAMESPACE' => 'goldcarrot'
    'LOGNAME' => 'darok'
    'MODULESHOME' => '/usr/share/Modules'
    'LESSOPEN' => '||/usr/bin/lesspipe.sh %s'
    'CI_BUILD_REF_SLUG' => 'master'
    'CI_RUNNER_DESCRIPTION' => 'Shar'
    'GITLAB_USER_ID' => '32'
    'CI_JOB_ID' => '9105'
    'G_BROKEN_FILENAMES' => '1'
    'CI_JOB_NAME' => 'job1'
    'BASH_FUNC_module()' => '() {  eval `/usr/bin/modulecmd bash $*`
}'
    '_' => '/usr/bin/php'
    'OLDPWD' => '/home/darok_builds/9e1c086c/0/goldcarrot/aparkrent'
    'PHP_SELF' => '/var/www/darok/data/www/aparkrent.ru/yii'
    'SCRIPT_NAME' => '/var/www/darok/data/www/aparkrent.ru/yii'
    'SCRIPT_FILENAME' => '/var/www/darok/data/www/aparkrent.ru/yii'
    'PATH_TRANSLATED' => '/var/www/darok/data/www/aparkrent.ru/yii'
    'DOCUMENT_ROOT' => ''
    'REQUEST_TIME_FLOAT' => 1509715648.5819
    'REQUEST_TIME' => 1509715648
    'argv' => [
        0 => '/var/www/darok/data/www/aparkrent.ru/yii'
        1 => 'migrate/up'
        2 => '--interactive=0'
    ]
    'argc' => 3
]
2017-11-06 12:33:18 [-][-][-][error][yii\db\Exception] exception 'PDOException' with message 'SQLSTATE[42S21]: Column already exists: 1060 Duplicate column name 'email'' in /var/www/darok/data/www/aparkrent.ru/vendor/yiisoft/yii2/db/Command.php:842
Stack trace:
#0 /var/www/darok/data/www/aparkrent.ru/vendor/yiisoft/yii2/db/Command.php(842): PDOStatement->execute()
#1 /var/www/darok/data/www/aparkrent.ru/vendor/yiisoft/yii2/db/Migration.php(346): yii\db\Command->execute()
#2 /var/www/darok/data/www/aparkrent.ru/console/migrations/m171103_102230_add_email_column_to_user_table.php(15): yii\db\Migration->addColumn('user', 'email', Object(yii\db\mysql\ColumnSchemaBuilder))
#3 /var/www/darok/data/www/aparkrent.ru/vendor/yiisoft/yii2/console/controllers/BaseMigrateController.php(671): m171103_102230_add_email_column_to_user_table->up()
#4 /var/www/darok/data/www/aparkrent.ru/vendor/yiisoft/yii2/console/controllers/BaseMigrateController.php(183): yii\console\controllers\BaseMigrateController->migrateUp('m171103_102230_...')
#5 [internal function]: yii\console\controllers\BaseMigrateController->actionUp(0)
#6 /var/www/darok/data/www/aparkrent.ru/vendor/yiisoft/yii2/base/InlineAction.php(57): call_user_func_array(Array, Array)
#7 /var/www/darok/data/www/aparkrent.ru/vendor/yiisoft/yii2/base/Controller.php(156): yii\base\InlineAction->runWithParams(Array)
#8 /var/www/darok/data/www/aparkrent.ru/vendor/yiisoft/yii2/console/Controller.php(128): yii\base\Controller->runAction('up', Array)
#9 /var/www/darok/data/www/aparkrent.ru/vendor/yiisoft/yii2/base/Module.php(523): yii\console\Controller->runAction('up', Array)
#10 /var/www/darok/data/www/aparkrent.ru/vendor/yiisoft/yii2/console/Application.php(180): yii\base\Module->runAction('migrate/up', Array)
#11 /var/www/darok/data/www/aparkrent.ru/vendor/yiisoft/yii2/console/Application.php(147): yii\console\Application->runAction('migrate/up', Array)
#12 /var/www/darok/data/www/aparkrent.ru/vendor/yiisoft/yii2/base/Application.php(380): yii\console\Application->handleRequest(Object(yii\console\Request))
#13 /var/www/darok/data/www/aparkrent.ru/yii(27): yii\base\Application->run()
#14 {main}

Next exception 'yii\db\Exception' with message 'SQLSTATE[42S21]: Column already exists: 1060 Duplicate column name 'email'
The SQL being executed was: ALTER TABLE `user` ADD `email` varchar(255) UNIQUE' in /var/www/darok/data/www/aparkrent.ru/vendor/yiisoft/yii2/db/Schema.php:636
Stack trace:
#0 /var/www/darok/data/www/aparkrent.ru/vendor/yiisoft/yii2/db/Command.php(852): yii\db\Schema->convertException(Object(PDOException), 'ALTER TABLE `us...')
#1 /var/www/darok/data/www/aparkrent.ru/vendor/yiisoft/yii2/db/Migration.php(346): yii\db\Command->execute()
#2 /var/www/darok/data/www/aparkrent.ru/console/migrations/m171103_102230_add_email_column_to_user_table.php(15): yii\db\Migration->addColumn('user', 'email', Object(yii\db\mysql\ColumnSchemaBuilder))
#3 /var/www/darok/data/www/aparkrent.ru/vendor/yiisoft/yii2/console/controllers/BaseMigrateController.php(671): m171103_102230_add_email_column_to_user_table->up()
#4 /var/www/darok/data/www/aparkrent.ru/vendor/yiisoft/yii2/console/controllers/BaseMigrateController.php(183): yii\console\controllers\BaseMigrateController->migrateUp('m171103_102230_...')
#5 [internal function]: yii\console\controllers\BaseMigrateController->actionUp(0)
#6 /var/www/darok/data/www/aparkrent.ru/vendor/yiisoft/yii2/base/InlineAction.php(57): call_user_func_array(Array, Array)
#7 /var/www/darok/data/www/aparkrent.ru/vendor/yiisoft/yii2/base/Controller.php(156): yii\base\InlineAction->runWithParams(Array)
#8 /var/www/darok/data/www/aparkrent.ru/vendor/yiisoft/yii2/console/Controller.php(128): yii\base\Controller->runAction('up', Array)
#9 /var/www/darok/data/www/aparkrent.ru/vendor/yiisoft/yii2/base/Module.php(523): yii\console\Controller->runAction('up', Array)
#10 /var/www/darok/data/www/aparkrent.ru/vendor/yiisoft/yii2/console/Application.php(180): yii\base\Module->runAction('migrate/up', Array)
#11 /var/www/darok/data/www/aparkrent.ru/vendor/yiisoft/yii2/console/Application.php(147): yii\console\Application->runAction('migrate/up', Array)
#12 /var/www/darok/data/www/aparkrent.ru/vendor/yiisoft/yii2/base/Application.php(380): yii\console\Application->handleRequest(Object(yii\console\Request))
#13 /var/www/darok/data/www/aparkrent.ru/yii(27): yii\base\Application->run()
#14 {main}
Additional Information:
Array
(
    [0] => 42S21
    [1] => 1060
    [2] => Duplicate column name 'email'
)

2017-11-06 12:33:18 [-][-][-][info][application] $_SERVER = [
    'CI_PROJECT_NAME' => 'aparkrent'
    'HOSTNAME' => 'goldcarrot.ru'
    'CI_BUILD_TOKEN' => 'fJGgJVfvPQcshVj4Uqfn'
    'CI_PROJECT_URL' => 'http://git.goldcarrot.ru/goldcarrot/aparkrent'
    'SHELL' => '/bin/bash'
    'TERM' => 'xterm'
    'HISTSIZE' => '1000'
    'CI_REGISTRY_USER' => 'gitlab-ci-token'
    'CI_BUILD_BEFORE_SHA' => 'da434aa8091c8ae5db1977f2a7a410ff5acd84f3'
    'PROJECT_FOLDER' => 'aparkrent.ru'
    'CI_SERVER_VERSION' => '9.0.6'
    'CI_BUILD_ID' => '9137'
    'GITLAB_USER_EMAIL' => 'ac@goldcarrot.ru'
    'CONFIG_FILE' => '/etc/gitlab-runner/config.toml'
    'CI_COMMIT_REF_NAME' => 'master'
    'USER' => 'darok'
    'CI_JOB_TOKEN' => 'fJGgJVfvPQcshVj4Uqfn'
    'CI_PROJECT_ID' => '188'
    'CI_RUNNER_ID' => '4'
    'CI_BUILD_REF' => 'da434aa8091c8ae5db1977f2a7a410ff5acd84f3'
    'CI_BUILD_REF_NAME' => 'master'
    'CI_PIPELINE_ID' => '9237'
    'CI_COMMIT_REF_SLUG' => 'master'
    'PATH' => '/sbin:/usr/sbin:/bin:/usr/bin:/usr/local/sbin'
    'MAIL' => '/var/spool/mail/darok'
    'CI_REPOSITORY_URL' => 'http://gitlab-ci-token:fJGgJVfvPQcshVj4Uqfn@git.goldcarrot.ru/goldcarrot/aparkrent.git'
    'CI_PROJECT_DIR' => '/home/darok_builds/9e1c086c/0/goldcarrot/aparkrent'
    'CI_REGISTRY_PASSWORD' => 'fJGgJVfvPQcshVj4Uqfn'
    'CI_BUILD_STAGE' => 'deploy'
    'CI_RUNNER_TAGS' => ''
    'PWD' => '/var/www/darok/data/www/aparkrent.ru'
    'CI_JOB_STAGE' => 'deploy'
    'LANG' => 'ru_RU.UTF-8'
    'CI_SERVER_NAME' => 'GitLab'
    'CI_PROJECT_PATH' => 'goldcarrot/aparkrent'
    'MODULEPATH' => '/usr/share/Modules/modulefiles:/etc/modulefiles'
    'LOADEDMODULES' => ''
    'GITLAB_CI' => 'true'
    'CI_SERVER_REVISION' => '2177cc5'
    'HISTCONTROL' => 'ignoredups'
    'CI_COMMIT_SHA' => 'da434aa8091c8ae5db1977f2a7a410ff5acd84f3'
    'HOME' => '/var/www/darok/data'
    'SHLVL' => '5'
    'CI_BUILD_NAME' => 'job1'
    'CI_SERVER' => 'yes'
    'CI' => 'true'
    'CI_PROJECT_NAMESPACE' => 'goldcarrot'
    'LOGNAME' => 'darok'
    'MODULESHOME' => '/usr/share/Modules'
    'LESSOPEN' => '||/usr/bin/lesspipe.sh %s'
    'CI_BUILD_REF_SLUG' => 'master'
    'CI_RUNNER_DESCRIPTION' => 'Shar'
    'GITLAB_USER_ID' => '32'
    'CI_JOB_ID' => '9137'
    'G_BROKEN_FILENAMES' => '1'
    'CI_JOB_NAME' => 'job1'
    'BASH_FUNC_module()' => '() {  eval `/usr/bin/modulecmd bash $*`
}'
    '_' => '/usr/bin/php'
    'OLDPWD' => '/home/darok_builds/9e1c086c/0/goldcarrot/aparkrent'
    'PHP_SELF' => '/var/www/darok/data/www/aparkrent.ru/yii'
    'SCRIPT_NAME' => '/var/www/darok/data/www/aparkrent.ru/yii'
    'SCRIPT_FILENAME' => '/var/www/darok/data/www/aparkrent.ru/yii'
    'PATH_TRANSLATED' => '/var/www/darok/data/www/aparkrent.ru/yii'
    'DOCUMENT_ROOT' => ''
    'REQUEST_TIME_FLOAT' => 1509953598.5218
    'REQUEST_TIME' => 1509953598
    'argv' => [
        0 => '/var/www/darok/data/www/aparkrent.ru/yii'
        1 => 'migrate/up'
        2 => '--interactive=0'
    ]
    'argc' => 3
]
2017-11-06 12:49:49 [-][-][-][error][yii\db\IntegrityException] exception 'PDOException' with message 'SQLSTATE[23000]: Integrity constraint violation: 1062 Duplicate entry 'dfsdf@sdfs.dssd' for key 'email'' in /var/www/darok/data/www/aparkrent.ru/vendor/yiisoft/yii2/db/Command.php:842
Stack trace:
#0 /var/www/darok/data/www/aparkrent.ru/vendor/yiisoft/yii2/db/Command.php(842): PDOStatement->execute()
#1 /var/www/darok/data/www/aparkrent.ru/console/migrations/m171103_102230_add_email_column_to_user_table.php(19): yii\db\Command->execute()
#2 /var/www/darok/data/www/aparkrent.ru/vendor/yiisoft/yii2/console/controllers/BaseMigrateController.php(671): m171103_102230_add_email_column_to_user_table->up()
#3 /var/www/darok/data/www/aparkrent.ru/vendor/yiisoft/yii2/console/controllers/BaseMigrateController.php(183): yii\console\controllers\BaseMigrateController->migrateUp('m171103_102230_...')
#4 [internal function]: yii\console\controllers\BaseMigrateController->actionUp(0)
#5 /var/www/darok/data/www/aparkrent.ru/vendor/yiisoft/yii2/base/InlineAction.php(57): call_user_func_array(Array, Array)
#6 /var/www/darok/data/www/aparkrent.ru/vendor/yiisoft/yii2/base/Controller.php(156): yii\base\InlineAction->runWithParams(Array)
#7 /var/www/darok/data/www/aparkrent.ru/vendor/yiisoft/yii2/console/Controller.php(128): yii\base\Controller->runAction('up', Array)
#8 /var/www/darok/data/www/aparkrent.ru/vendor/yiisoft/yii2/base/Module.php(523): yii\console\Controller->runAction('up', Array)
#9 /var/www/darok/data/www/aparkrent.ru/vendor/yiisoft/yii2/console/Application.php(180): yii\base\Module->runAction('migrate/up', Array)
#10 /var/www/darok/data/www/aparkrent.ru/vendor/yiisoft/yii2/console/Application.php(147): yii\console\Application->runAction('migrate/up', Array)
#11 /var/www/darok/data/www/aparkrent.ru/vendor/yiisoft/yii2/base/Application.php(380): yii\console\Application->handleRequest(Object(yii\console\Request))
#12 /var/www/darok/data/www/aparkrent.ru/yii(27): yii\base\Application->run()
#13 {main}

Next exception 'yii\db\IntegrityException' with message 'SQLSTATE[23000]: Integrity constraint violation: 1062 Duplicate entry 'dfsdf@sdfs.dssd' for key 'email'
The SQL being executed was: UPDATE `user` SET `email`='dfsdf@sdfs.dssd' WHERE `phone`='+79125122739'' in /var/www/darok/data/www/aparkrent.ru/vendor/yiisoft/yii2/db/Schema.php:636
Stack trace:
#0 /var/www/darok/data/www/aparkrent.ru/vendor/yiisoft/yii2/db/Command.php(852): yii\db\Schema->convertException(Object(PDOException), 'UPDATE `user` S...')
#1 /var/www/darok/data/www/aparkrent.ru/console/migrations/m171103_102230_add_email_column_to_user_table.php(19): yii\db\Command->execute()
#2 /var/www/darok/data/www/aparkrent.ru/vendor/yiisoft/yii2/console/controllers/BaseMigrateController.php(671): m171103_102230_add_email_column_to_user_table->up()
#3 /var/www/darok/data/www/aparkrent.ru/vendor/yiisoft/yii2/console/controllers/BaseMigrateController.php(183): yii\console\controllers\BaseMigrateController->migrateUp('m171103_102230_...')
#4 [internal function]: yii\console\controllers\BaseMigrateController->actionUp(0)
#5 /var/www/darok/data/www/aparkrent.ru/vendor/yiisoft/yii2/base/InlineAction.php(57): call_user_func_array(Array, Array)
#6 /var/www/darok/data/www/aparkrent.ru/vendor/yiisoft/yii2/base/Controller.php(156): yii\base\InlineAction->runWithParams(Array)
#7 /var/www/darok/data/www/aparkrent.ru/vendor/yiisoft/yii2/console/Controller.php(128): yii\base\Controller->runAction('up', Array)
#8 /var/www/darok/data/www/aparkrent.ru/vendor/yiisoft/yii2/base/Module.php(523): yii\console\Controller->runAction('up', Array)
#9 /var/www/darok/data/www/aparkrent.ru/vendor/yiisoft/yii2/console/Application.php(180): yii\base\Module->runAction('migrate/up', Array)
#10 /var/www/darok/data/www/aparkrent.ru/vendor/yiisoft/yii2/console/Application.php(147): yii\console\Application->runAction('migrate/up', Array)
#11 /var/www/darok/data/www/aparkrent.ru/vendor/yiisoft/yii2/base/Application.php(380): yii\console\Application->handleRequest(Object(yii\console\Request))
#12 /var/www/darok/data/www/aparkrent.ru/yii(27): yii\base\Application->run()
#13 {main}
Additional Information:
Array
(
    [0] => 23000
    [1] => 1062
    [2] => Duplicate entry 'dfsdf@sdfs.dssd' for key 'email'
)

2017-11-06 12:49:49 [-][-][-][info][application] $_SERVER = [
    'CI_PROJECT_NAME' => 'aparkrent'
    'HOSTNAME' => 'goldcarrot.ru'
    'CI_BUILD_TOKEN' => 'Q2TxT-BS7yhX775mCut-'
    'CI_PROJECT_URL' => 'http://git.goldcarrot.ru/goldcarrot/aparkrent'
    'SHELL' => '/bin/bash'
    'TERM' => 'xterm'
    'HISTSIZE' => '1000'
    'CI_REGISTRY_USER' => 'gitlab-ci-token'
    'CI_BUILD_BEFORE_SHA' => 'da434aa8091c8ae5db1977f2a7a410ff5acd84f3'
    'PROJECT_FOLDER' => 'aparkrent.ru'
    'CI_SERVER_VERSION' => '9.0.6'
    'CI_BUILD_ID' => '9139'
    'GITLAB_USER_EMAIL' => 'ac@goldcarrot.ru'
    'CONFIG_FILE' => '/etc/gitlab-runner/config.toml'
    'CI_COMMIT_REF_NAME' => 'master'
    'USER' => 'darok'
    'CI_JOB_TOKEN' => 'Q2TxT-BS7yhX775mCut-'
    'CI_PROJECT_ID' => '188'
    'CI_RUNNER_ID' => '4'
    'CI_BUILD_REF' => 'da434aa8091c8ae5db1977f2a7a410ff5acd84f3'
    'CI_BUILD_REF_NAME' => 'master'
    'CI_PIPELINE_ID' => '9237'
    'CI_COMMIT_REF_SLUG' => 'master'
    'PATH' => '/sbin:/usr/sbin:/bin:/usr/bin:/usr/local/sbin'
    'MAIL' => '/var/spool/mail/darok'
    'CI_REPOSITORY_URL' => 'http://gitlab-ci-token:Q2TxT-BS7yhX775mCut-@git.goldcarrot.ru/goldcarrot/aparkrent.git'
    'CI_PROJECT_DIR' => '/home/darok_builds/9e1c086c/0/goldcarrot/aparkrent'
    'CI_REGISTRY_PASSWORD' => 'Q2TxT-BS7yhX775mCut-'
    'CI_BUILD_STAGE' => 'deploy'
    'CI_RUNNER_TAGS' => ''
    'PWD' => '/var/www/darok/data/www/aparkrent.ru'
    'CI_JOB_STAGE' => 'deploy'
    'LANG' => 'ru_RU.UTF-8'
    'CI_SERVER_NAME' => 'GitLab'
    'CI_PROJECT_PATH' => 'goldcarrot/aparkrent'
    'MODULEPATH' => '/usr/share/Modules/modulefiles:/etc/modulefiles'
    'LOADEDMODULES' => ''
    'GITLAB_CI' => 'true'
    'CI_SERVER_REVISION' => '2177cc5'
    'HISTCONTROL' => 'ignoredups'
    'CI_COMMIT_SHA' => 'da434aa8091c8ae5db1977f2a7a410ff5acd84f3'
    'HOME' => '/var/www/darok/data'
    'SHLVL' => '5'
    'CI_BUILD_NAME' => 'job1'
    'CI_SERVER' => 'yes'
    'CI' => 'true'
    'CI_PROJECT_NAMESPACE' => 'goldcarrot'
    'LOGNAME' => 'darok'
    'MODULESHOME' => '/usr/share/Modules'
    'LESSOPEN' => '||/usr/bin/lesspipe.sh %s'
    'CI_BUILD_REF_SLUG' => 'master'
    'CI_RUNNER_DESCRIPTION' => 'Shar'
    'GITLAB_USER_ID' => '32'
    'CI_JOB_ID' => '9139'
    'G_BROKEN_FILENAMES' => '1'
    'CI_JOB_NAME' => 'job1'
    'BASH_FUNC_module()' => '() {  eval `/usr/bin/modulecmd bash $*`
}'
    '_' => '/usr/bin/php'
    'OLDPWD' => '/home/darok_builds/9e1c086c/0/goldcarrot/aparkrent'
    'PHP_SELF' => '/var/www/darok/data/www/aparkrent.ru/yii'
    'SCRIPT_NAME' => '/var/www/darok/data/www/aparkrent.ru/yii'
    'SCRIPT_FILENAME' => '/var/www/darok/data/www/aparkrent.ru/yii'
    'PATH_TRANSLATED' => '/var/www/darok/data/www/aparkrent.ru/yii'
    'DOCUMENT_ROOT' => ''
    'REQUEST_TIME_FLOAT' => 1509954589.4525
    'REQUEST_TIME' => 1509954589
    'argv' => [
        0 => '/var/www/darok/data/www/aparkrent.ru/yii'
        1 => 'migrate/up'
        2 => '--interactive=0'
    ]
    'argc' => 3
]
